Start testing: May 28 16:02 UTC
----------------------------------------------------------
1/1 Testing: CalculatorTests
1/1 Test: CalculatorTests
Command: "/home/ec2-user/secure-cpp-devsecops-pipeline/build/test_app"
Directory: /home/ec2-user/secure-cpp-devsecops-pipeline/build
"CalculatorTests" start time: May 28 16:02 UTC
Output:
----------------------------------------------------------
<end of output>
Test time =   0.00 sec
----------------------------------------------------------
Test Passed.
"CalculatorTests" end time: May 28 16:02 UTC
"CalculatorTests" time elapsed: 00:00:00
----------------------------------------------------------

End testing: May 28 16:02 UTC
